<?xml version="1.0" encoding="UTF-8"?>
<!-- Generated by org.testng.reporters.JUnitReportReporter -->
<testsuite name="testsuite.TC_OrangeHrm" tests="4" time="49.503" ignored="0" failures="0" timestamp="18 Jul 2019 12:10:59 GMT" skipped="0" hostname="SYSR179" errors="0">
  <testcase name="test_DataProviders" time="13.469" classname="testsuite.TC_OrangeHrm"/>
  <testcase name="test_DataProviders" time="8.484" classname="testsuite.TC_OrangeHrm"/>
  <testcase name="test_DataProviders" time="14.254" classname="testsuite.TC_OrangeHrm"/>
  <testcase name="test_DataProviders" time="13.296" classname="testsuite.TC_OrangeHrm"/>
</testsuite> <!-- testsuite.TC_OrangeHrm -->
